[debug] [2023-12-24T07:35:02.698Z] ----------------------------------------------------------------------
[debug] [2023-12-24T07:35:02.700Z] Command:       C:\Program Files\nodejs\node.exe C:\Users\JW\AppData\Roaming\npm\node_modules\firebase-tools\lib\bin\firebase.js init
[debug] [2023-12-24T07:35:02.700Z] CLI Version:   13.0.2
[debug] [2023-12-24T07:35:02.700Z] Platform:      win32
[debug] [2023-12-24T07:35:02.700Z] Node Version:  v20.8.0
[debug] [2023-12-24T07:35:02.701Z] Time:          Sun Dec 24 2023 15:35:02 GMT+0800 (Singapore Standard Time)
[debug] [2023-12-24T07:35:02.701Z] ----------------------------------------------------------------------
[debug] 
[debug] [2023-12-24T07:35:02.703Z] >>> [apiv2][query] GET https://firebase-public.firebaseio.com/cli.json [none]
[debug] [2023-12-24T07:35:02.744Z] > command requires scopes: ["email","openid","https://www.googleapis.com/auth/cloudplatformprojects.readonly","https://www.googleapis.com/auth/firebase","https://www.googleapis.com/auth/cloud-platform"]
[debug] [2023-12-24T07:35:02.744Z] > authorizing via signed-in user (junwei.neo.2022@smu.edu.sg)
[info] 
     ######## #### ########  ######## ########     ###     ######  ########
     ##        ##  ##     ## ##       ##     ##  ##   ##  ##       ##
     ######    ##  ########  ######   ########  #########  ######  ######
     ##        ##  ##    ##  ##       ##     ## ##     ##       ## ##
     ##       #### ##     ## ######## ########  ##     ##  ######  ########

You're about to initialize a Firebase project in this directory:

  C:\Users\JW\Desktop\react-project

[debug] [2023-12-24T07:35:03.228Z] <<< [apiv2][status] GET https://firebase-public.firebaseio.com/cli.json 200
[debug] [2023-12-24T07:35:03.228Z] <<< [apiv2][body] GET https://firebase-public.firebaseio.com/cli.json {"cloudBuildErrorAfter":1594252800000,"cloudBuildWarnAfter":1590019200000,"defaultNode10After":1594252800000,"minVersion":"3.0.5","node8DeploysDisabledAfter":1613390400000,"node8RuntimeDisabledAfter":1615809600000,"node8WarnAfter":1600128000000}
[info] 
=== Project Setup
[info] 
[info] First, let's associate this project directory with a Firebase project.
[info] You can create multiple project aliases by running firebase use --add, 
[info] but for now we'll just set up a default project.
[info] 
[debug] [2023-12-24T07:36:19.301Z] > refreshing access token with scopes: []
[debug] [2023-12-24T07:36:19.302Z] >>> [apiv2][query] POST https://www.googleapis.com/oauth2/v3/token [none]
[debug] [2023-12-24T07:36:19.302Z] >>> [apiv2][body] POST https://www.googleapis.com/oauth2/v3/token [omitted]
[debug] [2023-12-24T07:36:19.388Z] <<< [apiv2][status] POST https://www.googleapis.com/oauth2/v3/token 200
[debug] [2023-12-24T07:36:19.388Z] <<< [apiv2][body] POST https://www.googleapis.com/oauth2/v3/token [omitted]
[debug] [2023-12-24T07:36:19.396Z] >>> [apiv2][query] GET https://firebase.googleapis.com/v1beta1/projects pageSize=100
[debug] [2023-12-24T07:36:19.978Z] <<< [apiv2][status] GET https://firebase.googleapis.com/v1beta1/projects 200
[debug] [2023-12-24T07:36:19.978Z] <<< [apiv2][body] GET https://firebase.googleapis.com/v1beta1/projects [omitted]
[info] i  Using project react-course-88ece (react-course) 
[info] 
=== Hosting Setup
[debug] [2023-12-24T07:36:25.131Z] >>> [apiv2][query] GET https://firebase.googleapis.com/v1beta1/projects/react-course-88ece [none]
[debug] [2023-12-24T07:36:25.492Z] <<< [apiv2][status] GET https://firebase.googleapis.com/v1beta1/projects/react-course-88ece 200
[debug] [2023-12-24T07:36:25.492Z] <<< [apiv2][body] GET https://firebase.googleapis.com/v1beta1/projects/react-course-88ece {"projectId":"react-course-88ece","projectNumber":"995820887547","displayName":"react-course","name":"projects/react-course-88ece","resources":{"hostingSite":"react-course-88ece"},"state":"ACTIVE","etag":"1_c2441df9-15b3-49c5-9944-67eb93abf56f"}
[info] 
[info] Your public directory is the folder (relative to your project directory) that
[info] will contain Hosting assets to be uploaded with firebase deploy. If you
[info] have a build process for your assets, use your build's output directory.
[info] 
[info] +  Wrote public/404.html 
[debug] [2023-12-24T07:41:22.288Z] >>> [apiv2][query] GET https://www.gstatic.com/firebasejs/releases.json [none]
[debug] [2023-12-24T07:41:22.323Z] <<< [apiv2][status] GET https://www.gstatic.com/firebasejs/releases.json 200
[debug] [2023-12-24T07:41:22.323Z] <<< [apiv2][body] GET https://www.gstatic.com/firebasejs/releases.json {"current":{"version":"10.7.1","browserURL":"https://www.gstatic.com/firebasejs/10.7.1/firebase.js","packageURL":"https://www.gstatic.com/firebasejs/10.7.1/firebase.tgz"},"live":{"version":"10.7","browserURL":"https://www.gstatic.com/firebasejs/live/10.7/firebase.js","packageURL":"https://www.gstatic.com/firebasejs/live/10.7/firebase.tgz"},"components":{"analytics":"https://www.gstatic.com/firebasejs/10.7.1/firebase-analytics.js","app":"https://www.gstatic.com/firebasejs/10.7.1/firebase-app.js","app-check":"https://www.gstatic.com/firebasejs/10.7.1/firebase-app-check.js","auth":"https://www.gstatic.com/firebasejs/10.7.1/firebase-auth.js","auth/cordova":"https://www.gstatic.com/firebasejs/10.7.1/firebase-auth/cordova.js","functions":"https://www.gstatic.com/firebasejs/10.7.1/firebase-functions.js","firestore":"https://www.gstatic.com/firebasejs/10.7.1/firebase-firestore.js","firestore/lite":"https://www.gstatic.com/firebasejs/10.7.1/firebase-firestore/lite.js","installations":"https://www.gstatic.com/firebasejs/10.7.1/firebase-installations.js","storage":"https://www.gstatic.com/firebasejs/10.7.1/firebase-storage.js","performance":"https://www.gstatic.com/firebasejs/10.7.1/firebase-performance.js","remote-config":"https://www.gstatic.com/firebasejs/10.7.1/firebase-remote-config.js","messaging":"https://www.gstatic.com/firebasejs/10.7.1/firebase-messaging.js","messaging/sw":"https://www.gstatic.com/firebasejs/10.7.1/firebase-messaging/sw.js","database":"https://www.gstatic.com/firebasejs/10.7.1/firebase-database.js","firestore.memory":"https://www.gstatic.com/firebasejs/10.7.1/firebase-firestore.memory.js"}}
[info] i  Skipping write of public/index.html 
[info] 
[info] i  Detected a .git folder at C:\Users\JW\Desktop\react-project 
[info] i  Authorizing with GitHub to upload your service account to a GitHub repository's secrets store. 
[info] 
[info] Visit this URL on this device to log in:
[info] https://github.com/login/oauth/authorize?client_id=89cf50f02ac6aaed3484&state=64204793&redirect_uri=http%3A%2F%2Flocalhost%3A9005&scope=read%3Auser%20repo%20public_repo
[info] 
[info] Waiting for authentication...
[debug] [2023-12-24T07:44:29.801Z] >>> [apiv2][query] POST https://github.com/login/oauth/access_token [none]
[debug] [2023-12-24T07:44:29.801Z] >>> [apiv2][body] POST https://github.com/login/oauth/access_token [stream]
[debug] [2023-12-24T07:44:30.170Z] <<< [apiv2][status] POST https://github.com/login/oauth/access_token 200
[debug] [2023-12-24T07:44:30.170Z] <<< [apiv2][body] POST https://github.com/login/oauth/access_token {"access_token":"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","token_type":"bearer","scope":"read:user,repo"}
[debug] [2023-12-24T07:44:30.174Z] >>> [apiv2][query] GET https://api.github.com/user [none]
[debug] [2023-12-24T07:44:30.538Z] <<< [apiv2][status] GET https://api.github.com/user 200
[debug] [2023-12-24T07:44:30.538Z] <<< [apiv2][body] GET https://api.github.com/user {"login":"neojw1505","id":70019047,"node_id":"MDQ6VXNlcjcwMDE5MDQ3","avatar_url":"https://avatars.githubusercontent.com/u/70019047?v=4","gravatar_id":"","url":"https://api.github.com/users/neojw1505","html_url":"https://github.com/neojw1505","followers_url":"https://api.github.com/users/neojw1505/followers","following_url":"https://api.github.com/users/neojw1505/following{/other_user}","gists_url":"https://api.github.com/users/neojw1505/gists{/gist_id}","starred_url":"https://api.github.com/users/neojw1505/starred{/owner}{/repo}","subscriptions_url":"https://api.github.com/users/neojw1505/subscriptions","organizations_url":"https://api.github.com/users/neojw1505/orgs","repos_url":"https://api.github.com/users/neojw1505/repos","events_url":"https://api.github.com/users/neojw1505/events{/privacy}","received_events_url":"https://api.github.com/users/neojw1505/received_events","type":"User","site_admin":false,"name":null,"company":null,"blog":"","location":null,"email":null,"hireable":null,"bio":null,"twitter_username":null,"public_repos":7,"public_gists":0,"followers":0,"following":0,"created_at":"2020-08-21T12:20:02Z","updated_at":"2023-12-07T12:57:42Z","private_gists":0,"total_private_repos":0,"owned_private_repos":0,"disk_usage":61435,"collaborators":0,"two_factor_authentication":false,"plan":{"name":"pro","space":976562499,"collaborators":0,"private_repos":9999}}
[info] 
[info] +  Success! Logged into GitHub as neojw1505 
[info] 
